0 info it worked if it ends with ok
1 verbose cli [ 'C:\\Program Files\\nodejs\\node.exe',
1 verbose cli   'C:\\Program Files\\nodejs\\node_modules\\npm\\bin\\npm-cli.js',
1 verbose cli   'install',
1 verbose cli   'jquery',
1 verbose cli   '--save' ]
2 info using npm@2.15.9
3 info using node@v4.6.0
4 verbose install initial load of C:\Users\Navya\Desktop\parmar-rosy-webdev-assignment5\parmar-rosy-webdev-assignment5\neu\webdev\package.json
5 warn package.json web-dev@1.0.0 No repository field.
6 verbose installManyTop reading scoped package data from C:\Users\Navya\Desktop\parmar-rosy-webdev-assignment5\parmar-rosy-webdev-assignment5\neu\webdev\node_modules\accepts\package.json
7 verbose installManyTop reading scoped package data from C:\Users\Navya\Desktop\parmar-rosy-webdev-assignment5\parmar-rosy-webdev-assignment5\neu\webdev\node_modules\array-flatten\package.json
8 verbose installManyTop reading scoped package data from C:\Users\Navya\Desktop\parmar-rosy-webdev-assignment5\parmar-rosy-webdev-assignment5\neu\webdev\node_modules\async\package.json
9 verbose installManyTop reading scoped package data from C:\Users\Navya\Desktop\parmar-rosy-webdev-assignment5\parmar-rosy-webdev-assignment5\neu\webdev\node_modules\bcrypt-nodejs\package.json
10 verbose installManyTop reading scoped package data from C:\Users\Navya\Desktop\parmar-rosy-webdev-assignment5\parmar-rosy-webdev-assignment5\neu\webdev\node_modules\bluebird\package.json
11 verbose installManyTop reading scoped package data from C:\Users\Navya\Desktop\parmar-rosy-webdev-assignment5\parmar-rosy-webdev-assignment5\neu\webdev\node_modules\body-parser\package.json
12 verbose installManyTop reading scoped package data from C:\Users\Navya\Desktop\parmar-rosy-webdev-assignment5\parmar-rosy-webdev-assignment5\neu\webdev\node_modules\bson\package.json
13 verbose installManyTop reading scoped package data from C:\Users\Navya\Desktop\parmar-rosy-webdev-assignment5\parmar-rosy-webdev-assignment5\neu\webdev\node_modules\buffer-shims\package.json
14 verbose installManyTop reading scoped package data from C:\Users\Navya\Desktop\parmar-rosy-webdev-assignment5\parmar-rosy-webdev-assignment5\neu\webdev\node_modules\bytes\package.json
15 verbose installManyTop reading scoped package data from C:\Users\Navya\Desktop\parmar-rosy-webdev-assignment5\parmar-rosy-webdev-assignment5\neu\webdev\node_modules\content-disposition\package.json
16 verbose installManyTop reading scoped package data from C:\Users\Navya\Desktop\parmar-rosy-webdev-assignment5\parmar-rosy-webdev-assignment5\neu\webdev\node_modules\content-type\package.json
17 verbose installManyTop reading scoped package data from C:\Users\Navya\Desktop\parmar-rosy-webdev-assignment5\parmar-rosy-webdev-assignment5\neu\webdev\node_modules\cookie\package.json
18 verbose installManyTop reading scoped package data from C:\Users\Navya\Desktop\parmar-rosy-webdev-assignment5\parmar-rosy-webdev-assignment5\neu\webdev\node_modules\cookie-parser\package.json
19 verbose installManyTop reading scoped package data from C:\Users\Navya\Desktop\parmar-rosy-webdev-assignment5\parmar-rosy-webdev-assignment5\neu\webdev\node_modules\cookie-signature\package.json
20 verbose installManyTop reading scoped package data from C:\Users\Navya\Desktop\parmar-rosy-webdev-assignment5\parmar-rosy-webdev-assignment5\neu\webdev\node_modules\core-util-is\package.json
21 verbose installManyTop reading scoped package data from C:\Users\Navya\Desktop\parmar-rosy-webdev-assignment5\parmar-rosy-webdev-assignment5\neu\webdev\node_modules\debug\package.json
22 verbose installManyTop reading scoped package data from C:\Users\Navya\Desktop\parmar-rosy-webdev-assignment5\parmar-rosy-webdev-assignment5\neu\webdev\node_modules\depd\package.json
23 verbose installManyTop reading scoped package data from C:\Users\Navya\Desktop\parmar-rosy-webdev-assignment5\parmar-rosy-webdev-assignment5\neu\webdev\node_modules\destroy\package.json
24 verbose installManyTop reading scoped package data from C:\Users\Navya\Desktop\parmar-rosy-webdev-assignment5\parmar-rosy-webdev-assignment5\neu\webdev\node_modules\ee-first\package.json
25 verbose installManyTop reading scoped package data from C:\Users\Navya\Desktop\parmar-rosy-webdev-assignment5\parmar-rosy-webdev-assignment5\neu\webdev\node_modules\encodeurl\package.json
26 verbose installManyTop reading scoped package data from C:\Users\Navya\Desktop\parmar-rosy-webdev-assignment5\parmar-rosy-webdev-assignment5\neu\webdev\node_modules\es6-promise\package.json
27 verbose installManyTop reading scoped package data from C:\Users\Navya\Desktop\parmar-rosy-webdev-assignment5\parmar-rosy-webdev-assignment5\neu\webdev\node_modules\escape-html\package.json
28 verbose installManyTop reading scoped package data from C:\Users\Navya\Desktop\parmar-rosy-webdev-assignment5\parmar-rosy-webdev-assignment5\neu\webdev\node_modules\etag\package.json
29 verbose installManyTop reading scoped package data from C:\Users\Navya\Desktop\parmar-rosy-webdev-assignment5\parmar-rosy-webdev-assignment5\neu\webdev\node_modules\express\package.json
30 verbose installManyTop reading scoped package data from C:\Users\Navya\Desktop\parmar-rosy-webdev-assignment5\parmar-rosy-webdev-assignment5\neu\webdev\node_modules\express-session\package.json
31 verbose installManyTop reading scoped package data from C:\Users\Navya\Desktop\parmar-rosy-webdev-assignment5\parmar-rosy-webdev-assignment5\neu\webdev\node_modules\finalhandler\package.json
32 verbose installManyTop reading scoped package data from C:\Users\Navya\Desktop\parmar-rosy-webdev-assignment5\parmar-rosy-webdev-assignment5\neu\webdev\node_modules\forwarded\package.json
33 verbose installManyTop reading scoped package data from C:\Users\Navya\Desktop\parmar-rosy-webdev-assignment5\parmar-rosy-webdev-assignment5\neu\webdev\node_modules\fresh\package.json
34 verbose installManyTop reading scoped package data from C:\Users\Navya\Desktop\parmar-rosy-webdev-assignment5\parmar-rosy-webdev-assignment5\neu\webdev\node_modules\hooks-fixed\package.json
35 verbose installManyTop reading scoped package data from C:\Users\Navya\Desktop\parmar-rosy-webdev-assignment5\parmar-rosy-webdev-assignment5\neu\webdev\node_modules\http-errors\package.json
36 verbose installManyTop reading scoped package data from C:\Users\Navya\Desktop\parmar-rosy-webdev-assignment5\parmar-rosy-webdev-assignment5\neu\webdev\node_modules\iconv-lite\package.json
37 verbose installManyTop reading scoped package data from C:\Users\Navya\Desktop\parmar-rosy-webdev-assignment5\parmar-rosy-webdev-assignment5\neu\webdev\node_modules\inherits\package.json
38 verbose installManyTop reading scoped package data from C:\Users\Navya\Desktop\parmar-rosy-webdev-assignment5\parmar-rosy-webdev-assignment5\neu\webdev\node_modules\ipaddr.js\package.json
39 verbose installManyTop reading scoped package data from C:\Users\Navya\Desktop\parmar-rosy-webdev-assignment5\parmar-rosy-webdev-assignment5\neu\webdev\node_modules\isarray\package.json
40 verbose installManyTop reading scoped package data from C:\Users\Navya\Desktop\parmar-rosy-webdev-assignment5\parmar-rosy-webdev-assignment5\neu\webdev\node_modules\kareem\package.json
41 verbose installManyTop reading scoped package data from C:\Users\Navya\Desktop\parmar-rosy-webdev-assignment5\parmar-rosy-webdev-assignment5\neu\webdev\node_modules\media-typer\package.json
42 verbose installManyTop reading scoped package data from C:\Users\Navya\Desktop\parmar-rosy-webdev-assignment5\parmar-rosy-webdev-assignment5\neu\webdev\node_modules\merge-descriptors\package.json
43 verbose installManyTop reading scoped package data from C:\Users\Navya\Desktop\parmar-rosy-webdev-assignment5\parmar-rosy-webdev-assignment5\neu\webdev\node_modules\methods\package.json
44 verbose installManyTop reading scoped package data from C:\Users\Navya\Desktop\parmar-rosy-webdev-assignment5\parmar-rosy-webdev-assignment5\neu\webdev\node_modules\mime\package.json
45 verbose installManyTop reading scoped package data from C:\Users\Navya\Desktop\parmar-rosy-webdev-assignment5\parmar-rosy-webdev-assignment5\neu\webdev\node_modules\mime-db\package.json
46 verbose installManyTop reading scoped package data from C:\Users\Navya\Desktop\parmar-rosy-webdev-assignment5\parmar-rosy-webdev-assignment5\neu\webdev\node_modules\mime-types\package.json
47 verbose installManyTop reading scoped package data from C:\Users\Navya\Desktop\parmar-rosy-webdev-assignment5\parmar-rosy-webdev-assignment5\neu\webdev\node_modules\mongodb\package.json
48 verbose installManyTop reading scoped package data from C:\Users\Navya\Desktop\parmar-rosy-webdev-assignment5\parmar-rosy-webdev-assignment5\neu\webdev\node_modules\mongodb-core\package.json
49 verbose installManyTop reading scoped package data from C:\Users\Navya\Desktop\parmar-rosy-webdev-assignment5\parmar-rosy-webdev-assignment5\neu\webdev\node_modules\mongoose\package.json
50 verbose installManyTop reading scoped package data from C:\Users\Navya\Desktop\parmar-rosy-webdev-assignment5\parmar-rosy-webdev-assignment5\neu\webdev\node_modules\mpath\package.json
51 verbose installManyTop reading scoped package data from C:\Users\Navya\Desktop\parmar-rosy-webdev-assignment5\parmar-rosy-webdev-assignment5\neu\webdev\node_modules\mpromise\package.json
52 verbose installManyTop reading scoped package data from C:\Users\Navya\Desktop\parmar-rosy-webdev-assignment5\parmar-rosy-webdev-assignment5\neu\webdev\node_modules\mquery\package.json
53 verbose installManyTop reading scoped package data from C:\Users\Navya\Desktop\parmar-rosy-webdev-assignment5\parmar-rosy-webdev-assignment5\neu\webdev\node_modules\ms\package.json
54 verbose installManyTop reading scoped package data from C:\Users\Navya\Desktop\parmar-rosy-webdev-assignment5\parmar-rosy-webdev-assignment5\neu\webdev\node_modules\multer\package.json
55 verbose installManyTop reading scoped package data from C:\Users\Navya\Desktop\parmar-rosy-webdev-assignment5\parmar-rosy-webdev-assignment5\neu\webdev\node_modules\muri\package.json
56 verbose installManyTop reading scoped package data from C:\Users\Navya\Desktop\parmar-rosy-webdev-assignment5\parmar-rosy-webdev-assignment5\neu\webdev\node_modules\negotiator\package.json
57 verbose installManyTop reading scoped package data from C:\Users\Navya\Desktop\parmar-rosy-webdev-assignment5\parmar-rosy-webdev-assignment5\neu\webdev\node_modules\on-finished\package.json
58 verbose installManyTop reading scoped package data from C:\Users\Navya\Desktop\parmar-rosy-webdev-assignment5\parmar-rosy-webdev-assignment5\neu\webdev\node_modules\parseurl\package.json
59 verbose installManyTop reading scoped package data from C:\Users\Navya\Desktop\parmar-rosy-webdev-assignment5\parmar-rosy-webdev-assignment5\neu\webdev\node_modules\passport\package.json
60 verbose installManyTop reading scoped package data from C:\Users\Navya\Desktop\parmar-rosy-webdev-assignment5\parmar-rosy-webdev-assignment5\neu\webdev\node_modules\passport-facebook\package.json
61 verbose installManyTop reading scoped package data from C:\Users\Navya\Desktop\parmar-rosy-webdev-assignment5\parmar-rosy-webdev-assignment5\neu\webdev\node_modules\passport-google-oauth\package.json
62 verbose installManyTop reading scoped package data from C:\Users\Navya\Desktop\parmar-rosy-webdev-assignment5\parmar-rosy-webdev-assignment5\neu\webdev\node_modules\passport-local\package.json
63 verbose installManyTop reading scoped package data from C:\Users\Navya\Desktop\parmar-rosy-webdev-assignment5\parmar-rosy-webdev-assignment5\neu\webdev\node_modules\path-to-regexp\package.json
64 verbose installManyTop reading scoped package data from C:\Users\Navya\Desktop\parmar-rosy-webdev-assignment5\parmar-rosy-webdev-assignment5\neu\webdev\node_modules\process-nextick-args\package.json
65 verbose installManyTop reading scoped package data from C:\Users\Navya\Desktop\parmar-rosy-webdev-assignment5\parmar-rosy-webdev-assignment5\neu\webdev\node_modules\proxy-addr\package.json
66 verbose installManyTop reading scoped package data from C:\Users\Navya\Desktop\parmar-rosy-webdev-assignment5\parmar-rosy-webdev-assignment5\neu\webdev\node_modules\qs\package.json
67 verbose installManyTop reading scoped package data from C:\Users\Navya\Desktop\parmar-rosy-webdev-assignment5\parmar-rosy-webdev-assignment5\neu\webdev\node_modules\range-parser\package.json
68 verbose installManyTop reading scoped package data from C:\Users\Navya\Desktop\parmar-rosy-webdev-assignment5\parmar-rosy-webdev-assignment5\neu\webdev\node_modules\raw-body\package.json
69 verbose installManyTop reading scoped package data from C:\Users\Navya\Desktop\parmar-rosy-webdev-assignment5\parmar-rosy-webdev-assignment5\neu\webdev\node_modules\readable-stream\package.json
70 verbose installManyTop reading scoped package data from C:\Users\Navya\Desktop\parmar-rosy-webdev-assignment5\parmar-rosy-webdev-assignment5\neu\webdev\node_modules\regexp-clone\package.json
71 verbose installManyTop reading scoped package data from C:\Users\Navya\Desktop\parmar-rosy-webdev-assignment5\parmar-rosy-webdev-assignment5\neu\webdev\node_modules\require_optional\package.json
72 verbose installManyTop reading scoped package data from C:\Users\Navya\Desktop\parmar-rosy-webdev-assignment5\parmar-rosy-webdev-assignment5\neu\webdev\node_modules\resolve-from\package.json
73 verbose installManyTop reading scoped package data from C:\Users\Navya\Desktop\parmar-rosy-webdev-assignment5\parmar-rosy-webdev-assignment5\neu\webdev\node_modules\semver\package.json
74 verbose installManyTop reading scoped package data from C:\Users\Navya\Desktop\parmar-rosy-webdev-assignment5\parmar-rosy-webdev-assignment5\neu\webdev\node_modules\send\package.json
75 verbose installManyTop reading scoped package data from C:\Users\Navya\Desktop\parmar-rosy-webdev-assignment5\parmar-rosy-webdev-assignment5\neu\webdev\node_modules\serve-static\package.json
76 verbose installManyTop reading scoped package data from C:\Users\Navya\Desktop\parmar-rosy-webdev-assignment5\parmar-rosy-webdev-assignment5\neu\webdev\node_modules\setprototypeof\package.json
77 verbose installManyTop reading scoped package data from C:\Users\Navya\Desktop\parmar-rosy-webdev-assignment5\parmar-rosy-webdev-assignment5\neu\webdev\node_modules\sliced\package.json
78 verbose installManyTop reading scoped package data from C:\Users\Navya\Desktop\parmar-rosy-webdev-assignment5\parmar-rosy-webdev-assignment5\neu\webdev\node_modules\statuses\package.json
79 verbose installManyTop reading scoped package data from C:\Users\Navya\Desktop\parmar-rosy-webdev-assignment5\parmar-rosy-webdev-assignment5\neu\webdev\node_modules\string_decoder\package.json
80 verbose installManyTop reading scoped package data from C:\Users\Navya\Desktop\parmar-rosy-webdev-assignment5\parmar-rosy-webdev-assignment5\neu\webdev\node_modules\type-is\package.json
81 verbose installManyTop reading scoped package data from C:\Users\Navya\Desktop\parmar-rosy-webdev-assignment5\parmar-rosy-webdev-assignment5\neu\webdev\node_modules\unpipe\package.json
82 verbose installManyTop reading scoped package data from C:\Users\Navya\Desktop\parmar-rosy-webdev-assignment5\parmar-rosy-webdev-assignment5\neu\webdev\node_modules\util-deprecate\package.json
83 verbose installManyTop reading scoped package data from C:\Users\Navya\Desktop\parmar-rosy-webdev-assignment5\parmar-rosy-webdev-assignment5\neu\webdev\node_modules\utils-merge\package.json
84 verbose installManyTop reading scoped package data from C:\Users\Navya\Desktop\parmar-rosy-webdev-assignment5\parmar-rosy-webdev-assignment5\neu\webdev\node_modules\vary\package.json
85 info package.json bcrypt-nodejs@0.0.3 No license field.
86 info package.json hooks-fixed@1.2.0 No license field.
87 info package.json kareem@1.1.3 license should be a valid SPDX license expression
88 info package.json mime@1.3.4 No license field.
89 info package.json ms@0.7.1 No license field.
90 info package.json passport-local@1.0.0 No license field.
91 info package.json utils-merge@1.0.0 No license field.
92 info package.json string_decoder@0.10.31 string_decoder is also the name of a node core module.
93 verbose readDependencies loading dependencies from C:\Users\Navya\Desktop\parmar-rosy-webdev-assignment5\parmar-rosy-webdev-assignment5\neu\webdev\package.json
94 silly cache add args [ 'jquery', null ]
95 verbose cache add spec jquery
96 silly cache add parsed spec Result {
96 silly cache add   raw: 'jquery',
96 silly cache add   scope: null,
96 silly cache add   name: 'jquery',
96 silly cache add   rawSpec: '',
96 silly cache add   spec: 'latest',
96 silly cache add   type: 'tag' }
97 silly addNamed jquery@latest
98 verbose addNamed "latest" is being treated as a dist-tag for jquery
99 info addNameTag [ 'jquery', 'latest' ]
100 silly mapToRegistry name jquery
101 silly mapToRegistry using default registry
102 silly mapToRegistry registry https://registry.npmjs.org/
103 silly mapToRegistry data Result {
103 silly mapToRegistry   raw: 'jquery',
103 silly mapToRegistry   scope: null,
103 silly mapToRegistry   name: 'jquery',
103 silly mapToRegistry   rawSpec: '',
103 silly mapToRegistry   spec: 'latest',
103 silly mapToRegistry   type: 'tag' }
104 silly mapToRegistry uri https://registry.npmjs.org/jquery
105 verbose addNameTag registry:https://registry.npmjs.org/jquery not in flight; fetching
106 verbose request uri https://registry.npmjs.org/jquery
107 verbose request no auth needed
108 info attempt registry request try #1 at 9:13:53 AM
109 verbose request id 1f39897e886abb41
110 http request GET https://registry.npmjs.org/jquery
111 http 200 https://registry.npmjs.org/jquery
112 verbose headers { server: 'nginx/1.10.1',
112 verbose headers   'content-type': 'application/json',
112 verbose headers   'last-modified': 'Tue, 13 Dec 2016 04:50:48 GMT',
112 verbose headers   etag: 'W/"584f7e28-14804"',
112 verbose headers   'content-encoding': 'gzip',
112 verbose headers   'cache-control': 'max-age=300',
112 verbose headers   'content-length': '9896',
112 verbose headers   'accept-ranges': 'bytes',
112 verbose headers   date: 'Fri, 16 Dec 2016 14:14:00 GMT',
112 verbose headers   via: '1.1 varnish',
112 verbose headers   age: '2',
112 verbose headers   connection: 'keep-alive',
112 verbose headers   'x-served-by': 'cache-bos8225-BOS',
112 verbose headers   'x-cache': 'HIT',
112 verbose headers   'x-cache-hits': '19',
112 verbose headers   'x-timer': 'S1481897640.872448,VS0,VE0',
112 verbose headers   vary: 'Accept-Encoding' }
113 silly get cb [ 200,
113 silly get   { server: 'nginx/1.10.1',
113 silly get     'content-type': 'application/json',
113 silly get     'last-modified': 'Tue, 13 Dec 2016 04:50:48 GMT',
113 silly get     etag: 'W/"584f7e28-14804"',
113 silly get     'content-encoding': 'gzip',
113 silly get     'cache-control': 'max-age=300',
113 silly get     'content-length': '9896',
113 silly get     'accept-ranges': 'bytes',
113 silly get     date: 'Fri, 16 Dec 2016 14:14:00 GMT',
113 silly get     via: '1.1 varnish',
113 silly get     age: '2',
113 silly get     connection: 'keep-alive',
113 silly get     'x-served-by': 'cache-bos8225-BOS',
113 silly get     'x-cache': 'HIT',
113 silly get     'x-cache-hits': '19',
113 silly get     'x-timer': 'S1481897640.872448,VS0,VE0',
113 silly get     vary: 'Accept-Encoding' } ]
114 verbose get saving jquery to C:\Users\Navya\AppData\Roaming\npm-cache\registry.npmjs.org\jquery\.cache.json
115 verbose correctMkdir C:\Users\Navya\AppData\Roaming\npm-cache correctMkdir not in flight; initializing
116 silly addNameTag next cb for jquery with tag latest
117 silly addNamed jquery@3.1.1
118 verbose addNamed "3.1.1" is a plain semver version for jquery
119 silly mapToRegistry name jquery
120 silly mapToRegistry using default registry
121 silly mapToRegistry registry https://registry.npmjs.org/
122 silly mapToRegistry data Result {
122 silly mapToRegistry   raw: 'jquery',
122 silly mapToRegistry   scope: null,
122 silly mapToRegistry   name: 'jquery',
122 silly mapToRegistry   rawSpec: '',
122 silly mapToRegistry   spec: 'latest',
122 silly mapToRegistry   type: 'tag' }
123 silly mapToRegistry uri https://registry.npmjs.org/jquery
124 verbose addRemoteTarball https://registry.npmjs.org/jquery/-/jquery-3.1.1.tgz not in flight; adding
125 verbose addRemoteTarball [ 'https://registry.npmjs.org/jquery/-/jquery-3.1.1.tgz',
125 verbose addRemoteTarball   '347c1c21c7e004115e0a4da32cece041fad3c8a3' ]
126 info retry fetch attempt 1 at 9:15:08 AM
127 info attempt registry request try #1 at 9:15:08 AM
128 http fetch GET https://registry.npmjs.org/jquery/-/jquery-3.1.1.tgz
129 http fetch 200 https://registry.npmjs.org/jquery/-/jquery-3.1.1.tgz
130 info retry will retry, error on last attempt: Error: read ECONNRESET
131 info retry will retry, error on last attempt: Error: read ECONNRESET
132 silly fetchAndShaCheck shasum 347c1c21c7e004115e0a4da32cece041fad3c8a3
133 verbose stack Error: shasum check failed for C:\Users\Navya\AppData\Local\Temp\npm-10264-34a517ee\registry.npmjs.org\jquery\-\jquery-3.1.1.tgz
133 verbose stack Expected: 347c1c21c7e004115e0a4da32cece041fad3c8a3
133 verbose stack Actual:   c556fac3081ae03b00a5a91481ffcd1e0c0f7771
133 verbose stack From:     https://registry.npmjs.org/jquery/-/jquery-3.1.1.tgz
133 verbose stack     at C:\Program Files\nodejs\node_modules\npm\node_modules\sha\index.js:25:8
133 verbose stack     at ReadStream.<anonymous> (C:\Program Files\nodejs\node_modules\npm\node_modules\sha\index.js:72:7)
133 verbose stack     at emitNone (events.js:72:20)
133 verbose stack     at ReadStream.emit (events.js:166:7)
133 verbose stack     at endReadableNT (_stream_readable.js:921:12)
133 verbose stack     at nextTickCallbackWith2Args (node.js:442:9)
133 verbose stack     at process._tickCallback (node.js:356:17)
134 verbose cwd C:\Users\Navya\Desktop\parmar-rosy-webdev-assignment5\parmar-rosy-webdev-assignment5\neu\webdev
135 error Windows_NT 10.0.14393
136 error argv "C:\\Program Files\\nodejs\\node.exe" "C:\\Program Files\\nodejs\\node_modules\\npm\\bin\\npm-cli.js" "install" "jquery" "--save"
137 error node v4.6.0
138 error npm  v2.15.9
139 error shasum check failed for C:\Users\Navya\AppData\Local\Temp\npm-10264-34a517ee\registry.npmjs.org\jquery\-\jquery-3.1.1.tgz
139 error Expected: 347c1c21c7e004115e0a4da32cece041fad3c8a3
139 error Actual:   c556fac3081ae03b00a5a91481ffcd1e0c0f7771
139 error From:     https://registry.npmjs.org/jquery/-/jquery-3.1.1.tgz
140 error If you need help, you may report this error at:
140 error     <https://github.com/npm/npm/issues>
141 verbose exit [ 1, true ]
